INFO    : PreTeXt project found in `/Users/dz00762/Documents/PreTeXt Projects/C-Programming`.
WARNING : Using CLI version 2.3.3 but project's `requirements.txt`
WARNING : is configured to use 1.7.5. Consider either installing
WARNING : CLI version 1.7.5 or running `pretext init --refresh`
WARNING : to update `requirements.txt` to match 2.3.3.
INFO    : Building with custom xsl /Users/dz00762/Documents/PreTeXt Projects/C-Programming/xsl/c-programming-html.xsl
INFO    : Preparing to build into /Users/dz00762/Documents/PreTeXt Projects/C-Programming/output/web.
INFO    : discovering source file's directory name: /Users/dz00762/Documents/PreTeXt Projects/C-Programming/source
INFO    : verifying and expanding input directory: /Users/dz00762/Documents/PreTeXt Projects/C-Programming/source/../generated-assets
INFO    : input directory expanded to absolute path: /Users/dz00762/Documents/PreTeXt Projects/C-Programming/generated-assets
INFO    : verifying and expanding input directory: /Users/dz00762/Documents/PreTeXt Projects/C-Programming/source/../assets
INFO    : input directory expanded to absolute path: /Users/dz00762/Documents/PreTeXt Projects/C-Programming/assets
INFO    : Runestone Services (via PreTeXt repository): version 7.1.2
INFO    : Runestone Services (using newer, via online CDN query): version 7.3.0
INFO    : converting /Users/dz00762/Documents/PreTeXt Projects/C-Programming/source/main.ptx to HTML in /var/folders/9v/b_g75kd92f3csh1szlnbfl8c006hvm/T/tmpys5tvkhr
INFO    : XSL conversion of /Users/dz00762/Documents/PreTeXt Projects/C-Programming/source/main.ptx by /var/folders/9v/b_g75kd92f3csh1szlnbfl8c006hvm/T/tmp67z97y58/c-programming-html.xsl
INFO    : comprehensive messages, warnings, and errors:
INFO    :     * PTX:DEPRECATE: (2023-08-28) the "prompt" element of a "console" has been deprecated.  In its place, an "input" can have a @prompt attribute, or you can place a session-wide (not document-wide) @prompt attribute on the "console" element.  Until then, we will try to honor your intent. (29 times)
INFO    :     *              located within: "activity-4-8-1-Adding_User_Input" (xml:id), "Adding User Input" (title)
INFO    :     *              located within: "activity-4-8-1-Adding_User_Input" (xml:id), "Adding User Input" (title)
INFO    :     *              located within: "activity-4-8-1-Adding_User_Input" (xml:id), "Adding User Input" (title)
INFO    :     *              located within: "activity-4-8-1-Adding_User_Input" (xml:id), "Adding User Input" (title)
INFO    :     *              located within: "activity-4-8-1-Adding_User_Input" (xml:id), "Adding User Input" (title)
INFO    :     *              located within: "activity-4-8-1-Adding_User_Input" (xml:id), "Adding User Input" (title)
INFO    :     *              located within: "activity-4-8-1-Adding_User_Input" (xml:id), "Adding User Input" (title)
INFO    :     *              located within: "activity-6-4-1-Averages" (xml:id)
INFO    :     *              located within: "activity-6-4-1-Averages" (xml:id)
INFO    :     *              located within: "activity-6-4-1-Averages" (xml:id)
INFO    :     *              located within: "activity-6-4-1-Averages" (xml:id)
INFO    :     *              located within: "Functions: Your Turn!" (title)
INFO    :     *              located within: "Functions: Your Turn!" (title)
INFO    :     *              located within: "activity-13-7-2-Fun_With_Loops_2-no-output" (xml:id)
INFO    :     *              located within: "activity-13-7-2-Fun_With_Loops_2-no-output" (xml:id)
INFO    :     *              located within: "activity-13-7-2-Fun_With_Loops_2-no-output" (xml:id)
INFO    :     *              located within: "activity-13-7-2-Fun_With_Loops_2-no-output" (xml:id)
INFO    :     *              located within: "activity-17-4-3-Array_Practice_3" (xml:id)
INFO    :     *              located within: "activity-17-5-1-Adv_Array_Practice_1" (xml:id)
INFO    :     *              located within: "activity-19-11-3-Passing_Arrays_To_Functions_3" (xml:id)
INFO    :     *              located within: "activity-19-12-1-Option_1" (xml:id)
INFO    :     *              located within: "activity-22-3-1-Linear_Search_Practice" (xml:id)
INFO    :     *              located within: "activity-22-3-1-Linear_Search_Practice" (xml:id)
INFO    :     *              located within: "activity-22-3-1-Linear_Search_Practice" (xml:id)
INFO    :     *              located within: "activity-22-3-1-Linear_Search_Practice" (xml:id)
INFO    :     *              located within: "sortsearch-sort-practice" (xml:id), "Sorting Practice" (title)
INFO    :     *              located within: "sortsearch-sort-practice" (xml:id), "Sorting Practice" (title)
INFO    :     *              located within: "sortsearch-sort-practice" (xml:id), "Sorting Practice" (title)
INFO    :     *              located within: "sortsearch-sort-practice" (xml:id), "Sorting Practice" (title)
INFO    :     * --------------
INFO    : successful application of /var/folders/9v/b_g75kd92f3csh1szlnbfl8c006hvm/T/tmp67z97y58/c-programming-html.xsl
INFO    : 
Success! Run `pretext view` to see the results.

