WARNING : Using CLI version 2.20.0 but project's `requirements.txt`
WARNING : is configured to use 1.7.5. Consider either installing
WARNING : CLI version 1.7.5 or running `pretext update`
WARNING : to update `requirements.txt` and other managed files to match 2.20.0.
INFO    : Building target web
INFO    : XSL conversion of /Users/dz00762/repos/C-Programming/source/main.ptx by /Users/dz00762/.ptx/2.20.0/core/xsl/utilities/pretext-enhanced-source.xsl
INFO    : successful application of /Users/dz00762/.ptx/2.20.0/core/xsl/utilities/pretext-enhanced-source.xsl
INFO    : Generating any needed assets.
INFO    : XSL conversion of /Users/dz00762/repos/C-Programming/source/main.ptx by /Users/dz00762/.ptx/2.20.0/core/xsl/utilities/pretext-enhanced-source.xsl
INFO    : successful application of /Users/dz00762/.ptx/2.20.0/core/xsl/utilities/pretext-enhanced-source.xsl
INFO    : XSL conversion of /Users/dz00762/repos/C-Programming/source/main.ptx by /Users/dz00762/.ptx/2.20.0/core/xsl/utilities/pretext-enhanced-source.xsl
INFO    : successful application of /Users/dz00762/.ptx/2.20.0/core/xsl/utilities/pretext-enhanced-source.xsl
INFO    : XSL conversion of /Users/dz00762/repos/C-Programming/source/main.ptx by /Users/dz00762/.ptx/2.20.0/core/xsl/utilities/pretext-enhanced-source.xsl
INFO    : successful application of /Users/dz00762/.ptx/2.20.0/core/xsl/utilities/pretext-enhanced-source.xsl
INFO    : XSL conversion of /Users/dz00762/repos/C-Programming/source/main.ptx by /Users/dz00762/.ptx/2.20.0/core/xsl/utilities/pretext-enhanced-source.xsl
INFO    : successful application of /Users/dz00762/.ptx/2.20.0/core/xsl/utilities/pretext-enhanced-source.xsl
INFO    : XSL conversion of /Users/dz00762/repos/C-Programming/source/main.ptx by /Users/dz00762/.ptx/2.20.0/core/xsl/utilities/pretext-enhanced-source.xsl
INFO    : successful application of /Users/dz00762/.ptx/2.20.0/core/xsl/utilities/pretext-enhanced-source.xsl
INFO    : XSL conversion of /Users/dz00762/repos/C-Programming/source/main.ptx by /Users/dz00762/.ptx/2.20.0/core/xsl/utilities/pretext-enhanced-source.xsl
INFO    : successful application of /Users/dz00762/.ptx/2.20.0/core/xsl/utilities/pretext-enhanced-source.xsl
INFO    : XSL conversion of /Users/dz00762/repos/C-Programming/source/main.ptx by /Users/dz00762/.ptx/2.20.0/core/xsl/utilities/pretext-enhanced-source.xsl
INFO    : successful application of /Users/dz00762/.ptx/2.20.0/core/xsl/utilities/pretext-enhanced-source.xsl
INFO    : XSL conversion of /Users/dz00762/repos/C-Programming/source/main.ptx by /Users/dz00762/.ptx/2.20.0/core/xsl/utilities/pretext-enhanced-source.xsl
INFO    : successful application of /Users/dz00762/.ptx/2.20.0/core/xsl/utilities/pretext-enhanced-source.xsl
INFO    : XSL conversion of /Users/dz00762/repos/C-Programming/source/main.ptx by /Users/dz00762/.ptx/2.20.0/core/xsl/utilities/pretext-enhanced-source.xsl
INFO    : successful application of /Users/dz00762/.ptx/2.20.0/core/xsl/utilities/pretext-enhanced-source.xsl
INFO    : XSL conversion of /Users/dz00762/repos/C-Programming/source/main.ptx by /Users/dz00762/.ptx/2.20.0/core/xsl/utilities/pretext-enhanced-source.xsl
INFO    : successful application of /Users/dz00762/.ptx/2.20.0/core/xsl/utilities/pretext-enhanced-source.xsl
INFO    : XSL conversion of /Users/dz00762/repos/C-Programming/source/main.ptx by /Users/dz00762/.ptx/2.20.0/core/xsl/utilities/pretext-enhanced-source.xsl
INFO    : successful application of /Users/dz00762/.ptx/2.20.0/core/xsl/utilities/pretext-enhanced-source.xsl
INFO    : XSL conversion of /Users/dz00762/repos/C-Programming/source/main.ptx by /Users/dz00762/.ptx/2.20.0/core/xsl/utilities/pretext-enhanced-source.xsl
INFO    : successful application of /Users/dz00762/.ptx/2.20.0/core/xsl/utilities/pretext-enhanced-source.xsl
INFO    : XSL conversion of /Users/dz00762/repos/C-Programming/source/main.ptx by /Users/dz00762/.ptx/2.20.0/core/xsl/utilities/pretext-enhanced-source.xsl
INFO    : successful application of /Users/dz00762/.ptx/2.20.0/core/xsl/utilities/pretext-enhanced-source.xsl
INFO    : XSL conversion of /Users/dz00762/repos/C-Programming/source/main.ptx by /Users/dz00762/.ptx/2.20.0/core/xsl/utilities/pretext-enhanced-source.xsl
INFO    : successful application of /Users/dz00762/.ptx/2.20.0/core/xsl/utilities/pretext-enhanced-source.xsl
INFO    : Finished generating assets.

INFO    : Building with custom xsl /Users/dz00762/repos/C-Programming/xsl/c-programming-html.xsl
INFO    : Preparing to build into /Users/dz00762/repos/C-Programming/output/web.
INFO    : discovering source file's directory name: /Users/dz00762/repos/C-Programming/source
INFO    : verifying and expanding input directory: /Users/dz00762/repos/C-Programming/source/../generated-assets
INFO    : input directory expanded to absolute path: /Users/dz00762/repos/C-Programming/generated-assets
INFO    : verifying and expanding input directory: /Users/dz00762/repos/C-Programming/source/../assets
INFO    : input directory expanded to absolute path: /Users/dz00762/repos/C-Programming/assets
INFO    : XSL conversion of /Users/dz00762/repos/C-Programming/source/main.ptx by /Users/dz00762/.ptx/2.20.0/core/xsl/utilities/report-publisher-variables.xsl
INFO    : successful application of /Users/dz00762/.ptx/2.20.0/core/xsl/utilities/report-publisher-variables.xsl
INFO    : Downloading rs services file from https://runestone.academy/cdn/runestone/latest/webpack_static_imports.xml.
INFO    : Runestone Services via online CDN query: version 7.8.4
INFO    : Downloading Runestone Services, version 7.8.4
INFO    : Extracting Runestone Services from archive file
INFO    : Building custom css theme: theme-default-modern
ERROR   : ✘ [ERROR] "Unknown color scheme green_blue for theme. Valid schemes are: blue-red, blue-green, green-blue, greens, blues"
   ╷
35 │   @error "Unknown color scheme #{$palette} for theme. Valid schemes are: #{map.keys($schemes)}";
   │   ^^^^^^^^^^^^^^^^^^^^^^^^^^^^^^^^^^^^^^^^^^^^^^^^^^^^^^^^^^^^^^^^^^^^^^^^^^^^^^^^^^^^^^^^^^^^^
   ╵
  ../../.ptx/2.20.0/core/css/colors/_palette-dual.scss 35:3  @use
  - 29:1                                                     root stylesheet [plugin sass-plugin]

1 error
/Users/dz00762/.ptx/2.20.0/core/script/cssbuilder/node_modules/esbuild/lib/main.js:1477
  let error = new Error(text);
              ^

Error: Build failed with 1 error:
error: "Unknown color scheme green_blue for theme. Valid schemes are: blue-red, blue-green, green-blue, greens, blues"
   ╷
35 │   @error "Unknown color scheme #{$palette} for theme. Valid schemes are: #{map.keys($schemes)}";
   │   ^^^^^^^^^^^^^^^^^^^^^^^^^^^^^^^^^^^^^^^^^^^^^^^^^^^^^^^^^^^^^^^^^^^^^^^^^^^^^^^^^^^^^^^^^^^^^
   ╵
  ../../.ptx/2.20.0/core/css/colors/_palette-dual.scss 35:3  @use
  - 29:1                                                     root stylesheet
    at failureErrorWithLog (/Users/dz00762/.ptx/2.20.0/core/script/cssbuilder/node_modules/esbuild/lib/main.js:1477:15)
    at /Users/dz00762/.ptx/2.20.0/core/script/cssbuilder/node_modules/esbuild/lib/main.js:946:25
    at runOnEndCallbacks (/Users/dz00762/.ptx/2.20.0/core/script/cssbuilder/node_modules/esbuild/lib/main.js:1317:45)
    at buildResponseToResult (/Users/dz00762/.ptx/2.20.0/core/script/cssbuilder/node_modules/esbuild/lib/main.js:944:7)
    at /Users/dz00762/.ptx/2.20.0/core/script/cssbuilder/node_modules/esbuild/lib/main.js:956:9
    at new Promise (<anonymous>)
    at requestCallbacks.on-end (/Users/dz00762/.ptx/2.20.0/core/script/cssbuilder/node_modules/esbuild/lib/main.js:955:54)
    at handleRequest (/Users/dz00762/.ptx/2.20.0/core/script/cssbuilder/node_modules/esbuild/lib/main.js:648:17)
    at handleIncomingPacket (/Users/dz00762/.ptx/2.20.0/core/script/cssbuilder/node_modules/esbuild/lib/main.js:673:7)
    at Socket.readFromStdout (/Users/dz00762/.ptx/2.20.0/core/script/cssbuilder/node_modules/esbuild/lib/main.js:601:7) {
  errors: [Getter/Setter],
  warnings: [Getter/Setter]
}

Node.js v22.16.0

CRITICAL: Failed to build custom theme
INFO    : ------------------------
CRITICAL: Failed to build.  Exiting...
INFO    : 
----------------------------------------------------
INFO    : While running pretext, the following errors occurred:

INFO    : (see log messages above or in the 'logs' folder for more information)
INFO    : ----------------------------------------------------
